2025-03-02 02:23:04,587 - root - INFO - Logging inicializado. Arquivo de log: logs/datajobs_pipeline_20250302_022304.log
2025-03-02 02:23:04,662 - database.db - INFO - Conexão com o banco de dados bem-sucedida!
2025-03-02 02:23:04,662 - root - INFO - Iniciando extração de vagas para 'data engineer' das fontes: jobbank, linkedin, indeed
2025-03-02 02:23:04,663 - root - INFO - Iniciando scraper do Job Bank...
2025-03-02 02:23:04,664 - scraper.base_scraper - INFO - Iniciando scraping de JobBankScraper com URL: https://www.jobbank.gc.ca/jobsearch/jobsearch?searchstring=data+engineer
2025-03-02 02:23:05,518 - scraper.base_scraper - INFO - Encontradas 24 vagas para processar
2025-03-02 02:23:05,519 - scraper.base_scraper - ERROR - Erro ao processar vaga: 'job_id'
2025-03-02 02:23:05,520 - scraper.base_scraper - ERROR - Erro ao processar vaga: 'job_id'
2025-03-02 02:23:05,522 - scraper.base_scraper - ERROR - Erro ao processar vaga: 'job_id'
2025-03-02 02:23:05,524 - scraper.base_scraper - ERROR - Erro ao processar vaga: 'job_id'
2025-03-02 02:23:05,525 - scraper.base_scraper - ERROR - Erro ao processar vaga: 'job_id'
2025-03-02 02:23:05,527 - scraper.base_scraper - ERROR - Erro ao processar vaga: 'job_id'
2025-03-02 02:23:05,528 - scraper.base_scraper - ERROR - Erro ao processar vaga: 'job_id'
2025-03-02 02:23:05,530 - scraper.base_scraper - ERROR - Erro ao processar vaga: 'job_id'
2025-03-02 02:23:05,532 - scraper.base_scraper - ERROR - Erro ao processar vaga: 'job_id'
2025-03-02 02:23:05,534 - scraper.base_scraper - ERROR - Erro ao processar vaga: 'job_id'
2025-03-02 02:23:05,535 - scraper.base_scraper - ERROR - Erro ao processar vaga: 'job_id'
2025-03-02 02:23:05,537 - scraper.base_scraper - ERROR - Erro ao processar vaga: 'job_id'
2025-03-02 02:23:05,538 - scraper.base_scraper - ERROR - Erro ao processar vaga: 'job_id'
2025-03-02 02:23:05,540 - scraper.base_scraper - ERROR - Erro ao processar vaga: 'job_id'
2025-03-02 02:23:05,541 - scraper.base_scraper - ERROR - Erro ao processar vaga: 'job_id'
2025-03-02 02:23:05,543 - scraper.base_scraper - ERROR - Erro ao processar vaga: 'job_id'
2025-03-02 02:23:05,548 - scraper.base_scraper - ERROR - Erro ao processar vaga: 'job_id'
2025-03-02 02:23:05,551 - scraper.base_scraper - ERROR - Erro ao processar vaga: 'job_id'
2025-03-02 02:23:05,553 - scraper.base_scraper - ERROR - Erro ao processar vaga: 'job_id'
2025-03-02 02:23:05,555 - scraper.base_scraper - ERROR - Erro ao processar vaga: 'job_id'
2025-03-02 02:23:05,562 - scraper.base_scraper - ERROR - Erro ao processar vaga: 'job_id'
2025-03-02 02:23:05,564 - scraper.base_scraper - ERROR - Erro ao processar vaga: 'job_id'
2025-03-02 02:23:05,568 - scraper.base_scraper - ERROR - Erro ao processar vaga: 'job_id'
2025-03-02 02:23:05,579 - scraper.base_scraper - ERROR - Erro ao processar vaga: 'job_id'
2025-03-02 02:23:05,580 - scraper.base_scraper - INFO - Total de vagas inseridas: 0
2025-03-02 02:23:05,584 - root - INFO - Job Bank: 0 vagas extraídas
2025-03-02 02:23:05,609 - root - INFO - Pipeline concluído. Total de 0 vagas extraídas e armazenadas.
