2025-03-02 02:19:53,776 - root - INFO - Logging inicializado. Arquivo de log: logs/datajobs_pipeline_20250302_021953.log
2025-03-02 02:19:53,853 - database.db - INFO - Conexão com o banco de dados bem-sucedida!
2025-03-02 02:19:53,853 - root - INFO - Iniciando extração de vagas para 'data engineer' das fontes: jobbank, linkedin, indeed
2025-03-02 02:19:53,854 - root - INFO - Iniciando scraper do Job Bank...
2025-03-02 02:19:53,855 - scraper.base_scraper - INFO - Iniciando scraping de JobBankScraper com URL: https://www.jobbank.gc.ca/jobsearch/jobsearch?searchstring=data+engineer
2025-03-02 02:19:54,971 - scraper.base_scraper - INFO - Encontradas 24 vagas para processar
2025-03-02 02:19:54,973 - scraper.base_scraper - ERROR - Erro ao processar vaga: 'job_id'
2025-03-02 02:19:54,974 - scraper.base_scraper - ERROR - Erro ao processar vaga: 'job_id'
2025-03-02 02:19:54,978 - scraper.base_scraper - ERROR - Erro ao processar vaga: 'job_id'
2025-03-02 02:19:54,981 - scraper.base_scraper - ERROR - Erro ao processar vaga: 'job_id'
2025-03-02 02:19:54,985 - scraper.base_scraper - ERROR - Erro ao processar vaga: 'job_id'
2025-03-02 02:19:54,988 - scraper.base_scraper - ERROR - Erro ao processar vaga: 'job_id'
2025-03-02 02:19:54,989 - scraper.base_scraper - ERROR - Erro ao processar vaga: 'job_id'
2025-03-02 02:19:54,991 - scraper.base_scraper - ERROR - Erro ao processar vaga: 'job_id'
2025-03-02 02:19:54,993 - scraper.base_scraper - ERROR - Erro ao processar vaga: 'job_id'
2025-03-02 02:19:54,994 - scraper.base_scraper - ERROR - Erro ao processar vaga: 'job_id'
2025-03-02 02:19:54,996 - scraper.base_scraper - ERROR - Erro ao processar vaga: 'job_id'
2025-03-02 02:19:54,999 - scraper.base_scraper - ERROR - Erro ao processar vaga: 'job_id'
2025-03-02 02:19:55,000 - scraper.base_scraper - ERROR - Erro ao processar vaga: 'job_id'
2025-03-02 02:19:55,002 - scraper.base_scraper - ERROR - Erro ao processar vaga: 'job_id'
2025-03-02 02:19:55,004 - scraper.base_scraper - ERROR - Erro ao processar vaga: 'job_id'
2025-03-02 02:19:55,005 - scraper.base_scraper - ERROR - Erro ao processar vaga: 'job_id'
2025-03-02 02:19:55,007 - scraper.base_scraper - ERROR - Erro ao processar vaga: 'job_id'
2025-03-02 02:19:55,008 - scraper.base_scraper - ERROR - Erro ao processar vaga: 'job_id'
2025-03-02 02:19:55,015 - scraper.base_scraper - ERROR - Erro ao processar vaga: 'job_id'
2025-03-02 02:19:55,017 - scraper.base_scraper - ERROR - Erro ao processar vaga: 'job_id'
2025-03-02 02:19:55,019 - scraper.base_scraper - ERROR - Erro ao processar vaga: 'job_id'
2025-03-02 02:19:55,026 - scraper.base_scraper - ERROR - Erro ao processar vaga: 'job_id'
2025-03-02 02:19:55,029 - scraper.base_scraper - ERROR - Erro ao processar vaga: 'job_id'
2025-03-02 02:19:55,034 - scraper.base_scraper - ERROR - Erro ao processar vaga: 'job_id'
2025-03-02 02:19:55,039 - scraper.base_scraper - INFO - Total de vagas inseridas: 0
2025-03-02 02:19:55,041 - root - INFO - Job Bank: 0 vagas extraídas
2025-03-02 02:19:55,042 - root - INFO - Pipeline concluído. Total de 0 vagas extraídas e armazenadas.
